48     1.08187e-09
174     9.25384e-10
176     5.48603e-10
177     2.83727e-10
302     4.76326e-09
305     1.24739e-09
430     1.258e-09
433     1.08644e-09
558     3.38307e-09
561     4.02532e-10
686     1.48089e-09
689     1.04977e-09
814     1.18514e-09
817     1.73073e-09
942     2.00491e-09
945     8.65802e-10
1070     5.60635e-10
1073     1.06988e-09
1201     2.57944e-09
1329     8.32804e-10
1457     6.34837e-10
1585     1.08113e-09
1713     5.26604e-10
1841     8.26137e-10
1969     1.86818e-09
2604     1.34895e-09
2605     2.78529e-10
2607     9.86159e-10
2608     1.77086e-09
2728     2.32656e-09
2735     3.41431e-09
2736     6.39759e-09
2748     2.29123e-10
2855     3.46562e-09
2856     5.46472e-09
2858     7.69239e-10
2864     1.99144e-09
2865     3.84868e-10
2983     3.57388e-10
2988     5.51544e-10
2990     6.85673e-10
2991     1.14134e-09
2992     1.60607e-09
2993     1.64138e-09
3110     2.17699e-10
3113     7.71173e-10
3116     2.15022e-09
3117     6.36805e-10
3118     1.17057e-10
3119     3.28048e-10
3120     1.31524e-09
3121     7.97507e-10
3236     2.96605e-10
3237     3.35407e-10
3239     6.98304e-10
3243     1.22363e-10
3244     1.81217e-09
3246     5.70226e-10
3248     2.23148e-09
3250     6.70328e-11
3361     1.16976e-10
3364     4.59694e-10
3366     4.6208e-10
3367     1.63535e-09
3370     7.49858e-10
3371     1.69491e-10
3372     1.82437e-09
3378     4.15734e-10
3486     1.11384e-09
3487     9.8763e-10
3488     2.81044e-09
3489     8.52824e-10
3490     7.6641e-10
3491     1.81836e-09
3492     1.77949e-10
3493     1.63844e-10
3494     4.73426e-10
3498     5.32865e-10
3500     2.49081e-09
3614     1.18841e-09
3619     5.01287e-09
3620     2.02423e-09
3626     4.859e-10
3628     1.24378e-09
3741     7.8607e-11
3743     8.69603e-11
3744     2.84639e-10
3746     1.44048e-09
3748     3.44637e-09
3756     1.02457e-09
3870     2.1091e-10
3871     1.88262e-09
3872     7.86685e-10
3873     4.7181e-10
3884     3.86546e-10
3997     4.02676e-11
4002     1.20036e-09
4003     6.22621e-10
4013     2.09758e-10
4140     9.51535e-10
4141     1.50516e-10
4238     4.32832e-09
4239     2.07427e-10
4253     6.03772e-10
4257     1.37892e-10
4268     9.21945e-10
4271     3.07172e-10
4272     1.71317e-09
4366     1.09366e-09
4382     8.44632e-10
4383     7.29753e-10
4396     2.00807e-09
4399     1.18144e-09
4493     1.49124e-09
4509     5.13444e-10
4519     9.95642e-09
4520     1.51089e-09
4524     4.67777e-09
4620     2.15331e-10
4621     1.20973e-09
4637     4.84898e-11
4644     1.58793e-10
4645     9.47188e-09
4646     8.69336e-09
4647     1.08985e-09
4652     2.78288e-09
4748     2.21683e-09
4755     3.03916e-09
4766     1.31255e-09
4780     1.58369e-10
4876     5.85834e-10
4882     1.77455e-09
4883     2.08135e-10
4893     1.53933e-10
4894     1.73529e-09
5021     2.0897e-09
5040     4.56667e-09
5041     1.06311e-08
5149     1.62832e-09
5276     2.27682e-09
5277     1.65104e-09
5296     3.51562e-10
5403     5.06856e-11
5404     2.36647e-09
5405     4.60391e-09
5531     3.00148e-09
5533     2.27345e-10
5543     8.71688e-10
5658     8.27975e-10
5659     1.26299e-09
5679     3.73514e-10
5680     2.46353e-09
5681     2.54417e-09
5786     2.86329e-09
5807     1.89371e-09
7473     2.07483e-09
7601     1.33489e-09
7729     8.44714e-09
7857     7.32328e-10
7962     1.43512e-09
7985     5.25928e-10
8089     1.1112e-09
8090     2.21721e-10
8103     9.21376e-10
8106     2.36946e-09
8112     1.18492e-09
8113     1.70717e-08
8234     1.92979e-09
8240     4.98057e-11
8241     1.24712e-09
8882     6.75093e-10
9008     3.76058e-09
9009     3.35075e-09
9136     8.15908e-10
9137     8.44811e-10
9647     1.27092e-09
9651     1.45695e-09
9770     1.03085e-09
9771     4.26928e-10
9774     1.25744e-09
9898     1.99154e-09
9901     1.33293e-09
9902     6.13075e-09
9910     3.36362e-12
10026     2.59833e-09
10029     2.28562e-09
10030     1.79235e-09
10038     9.3024e-10
10140     1.71823e-09
10154     3.38201e-09
10157     1.74434e-09
10158     2.62505e-10
10163     1.62939e-09
10166     4.8386e-10
10265     1.22628e-10
10282     9.6197e-10
10285     4.70455e-10
10294     1.98027e-09
10393     2.08177e-09
10394     1.00372e-09
10410     4.03982e-10
10412     5.91605e-11
10413     3.86716e-10
10422     1.55578e-09
10522     3.5004e-09
10526     1.67935e-10
10540     6.30399e-10
10544     4.52688e-10
10551     1.03182e-09
10654     1.80698e-10
10668     2.69245e-09
10679     3.50951e-10
10761     5.66889e-09
10762     1.19373e-09
10780     1.67843e-09
10783     1.25149e-09
10795     3.4219e-10
10796     9.30186e-10
10807     2.03013e-09
10902     2.07971e-09
10908     1.8145e-09
10909     1.51351e-09
10910     2.7558e-09
10911     2.89994e-09
10912     7.02721e-11
10935     3.26916e-10
10944     1.82517e-09
10946     3.52999e-10
11029     1.69168e-09
11030     8.00736e-10
11037     2.79752e-09
11038     1.37997e-09
11039     1.698e-09
11040     2.93079e-09
11041     7.2107e-10
11057     1.74733e-09
11157     1.43218e-09
11162     8.55185e-11
11163     4.45861e-10
11165     1.50531e-09
11167     2.46978e-09
11168     1.40898e-09
11169     3.61305e-09
11170     1.12795e-09
11290     5.60434e-10
11297     1.28737e-09
11298     2.62853e-10
11420     1.93803e-09
11425     4.12043e-10
11426     1.28006e-09
11547     6.74535e-09
11548     3.61316e-09
11554     6.74281e-10
11675     2.46547e-09
11681     3.22282e-10
11682     1.02197e-09
11685     1.44521e-09
11703     6.80514e-10
11807     1.23702e-10
11809     5.21116e-10
11813     2.52595e-09
11814     2.84095e-10
11817     5.37673e-10
11935     1.2578e-09
11942     3.39963e-09
11945     1.61807e-09
11947     1.59018e-09
12063     1.39212e-09
12064     6.70942e-10
12068     7.69344e-10
12070     1.71732e-09
12073     9.72415e-10
12074     2.71834e-10
12076     8.53338e-10
12077     2.41524e-09
12083     1.39485e-09
12192     1.23156e-09
12196     1.49251e-09
12197     9.38842e-10
12198     6.26307e-11
12199     1.94467e-10
12200     1.49262e-10
12205     2.70484e-09
12210     7.74497e-11
12320     3.20381e-11
12323     1.4761e-09
12325     1.92248e-09
12327     1.19957e-10
12328     4.85069e-10
12337     1.15655e-09
12455     1.31843e-09
12459     1.32506e-09
12460     5.61751e-10
12465     2.76057e-10
12467     1.27027e-10
12575     1.19139e-09
12576     8.10112e-10
12586     2.05889e-09
12587     4.61287e-09
12597     1.26429e-09
12699     5.54936e-11
12703     1.28698e-09
12706     5.06362e-10
12707     2.30619e-11
12708     1.03423e-09
12714     2.05835e-09
12715     2.16887e-09
12723     4.46658e-10
12724     1.66425e-09
12826     1.34238e-09
12827     2.07618e-10
12832     1.18982e-09
12833     2.86245e-09
12834     4.33937e-09
12835     3.56851e-09
12836     3.80254e-10
12844     8.25945e-10
12851     1.28776e-09
12852     9.88753e-10
12953     1.35791e-09
12954     4.49029e-09
12955     1.34879e-09
12963     9.70731e-10
12966     5.5476e-10
12969     7.6685e-10
12973     1.27741e-11
12974     8.25539e-10
12980     2.58996e-09
13081     9.10052e-10
13090     1.07215e-09
13091     1.30146e-11
13097     1.48877e-09
13102     1.36887e-09
13108     1.63911e-09
13205     2.70046e-09
13206     2.36114e-09
13207     3.80711e-10
13218     9.98374e-10
13232     8.72454e-11
13233     2.48349e-09
13327     3.61996e-10
13345     8.79024e-10
13358     4.1441e-11
13360     4.24006e-10
13361     1.55133e-09
13472     1.96757e-09
13473     4.97209e-10
13493     3.48881e-10
13600     2.86311e-09
13621     1.62436e-09
13728     5.59346e-11
13748     1.74765e-10
13749     5.62756e-10
13876     4.47168e-09
13982     2.94415e-10
13983     1.62597e-09
14004     2.62782e-09
14111     2.36071e-09
14116     3.65373e-10
14117     6.89424e-10
14132     4.54894e-10
14244     3.52421e-10
14245     2.10755e-09
14246     7.2805e-10
14257     1.53942e-10
14259     8.98677e-11
14260     3.34975e-10
14366     4.28258e-10
14373     9.13052e-10
14374     1.30011e-09
14382     1.04485e-09
14385     2.63276e-09
14494     2.62133e-10
14501     6.93291e-10
14502     1.03922e-09
14621     1.87544e-09
14629     4.56242e-10
14630     5.1518e-10
14631     8.6057e-11
14749     3.43375e-09
14757     1.89377e-09
14759     7.16191e-10
14885     5.16236e-10
14887     2.11666e-09
14888     1.84237e-09
15013     1.69126e-09
15016     1.19813e-09
15141     4.10008e-09
15144     3.23876e-09
15272     8.857e-12
15273     1.14005e-09
15375     1.63155e-09
15401     1.0842e-09
15502     3.53211e-10
15503     3.17175e-09
15529     1.09756e-09
15530     5.99194e-10
15630     1.65401e-11
15658     7.28089e-10
15786     7.64226e-10
15787     5.23867e-10
15915     2.89265e-09
16043     2.77756e-10
16044     5.37576e-10
16156     5.71097e-10
16172     9.95881e-10
16173     2.54797e-10
16300     2.08012e-09
16301     6.10021e-10
16416     6.91961e-10
16432     3.70554e-10
16459     8.96373e-11
16460     1.4358e-09
16544     5.85292e-10
16588     6.48174e-10
16716     2.21482e-09
16844     2.2048e-09
16845     3.11315e-10
16973     1.55596e-09
17101     3.25362e-09
17229     5.79684e-11
17454     1.14347e-09
17582     3.56526e-09
17710     1.34532e-09
17838     1.25873e-09
17966     3.41095e-10
18094     1.71498e-09
18222     8.85267e-10
18350     9.6135e-10
18478     1.31943e-09
18606     3.51988e-10
18734     1.04006e-09
18862     5.49722e-10
18863     1.22171e-09
18988     2.0056e-09
18989     6.69335e-10
18991     2.61382e-09
18992     1.38897e-09
19110     3.60203e-09
19113     4.61889e-10
19116     2.65283e-10
19117     1.42369e-10
19121     1.18261e-10
19237     2.78055e-09
19238     9.59478e-10
19240     2.83308e-10
19242     1.65369e-10
19243     5.57936e-11
19244     1.41297e-09
19245     2.85479e-09
19247     6.89584e-10
19248     1.00031e-09
19250     4.32004e-10
19366     2.47954e-10
19369     1.56127e-09
19370     1.15541e-09
19371     3.86467e-09
19372     1.07666e-09
19374     1.07067e-10
19376     2.04942e-09
19377     1.12803e-09
19493     2.64513e-11
19499     5.332e-09
19501     1.06166e-10
19504     4.63824e-09
19506     1.6034e-09
19618     2.39861e-09
19619     1.34737e-09
19623     4.33022e-10
19628     2.89614e-11
19629     7.22957e-10
19631     4.14752e-09
19632     4.00228e-09
19633     2.35022e-09
19634     6.90077e-10
19635     6.65074e-10
19743     2.10302e-10
19747     1.46594e-09
19748     1.56736e-09
19749     1.97957e-09
19750     1.66046e-09
19751     3.21624e-09
19752     8.29655e-10
19757     1.07783e-09
19759     4.92941e-10
19761     1.68854e-09
19858     4.17133e-10
19871     3.21617e-09
19877     6.93388e-10
19878     1.40937e-09
19885     4.63399e-10
19887     1.37506e-09
19985     7.23677e-10
19986     3.4274e-10
19997     1.16596e-09
19998     8.93323e-10
19999     3.27674e-09
20000     3.51845e-09
20004     4.07423e-10
20005     3.34313e-09
20013     8.50693e-10
20015     8.04328e-10
20113     5.42518e-10
20124     1.07749e-09
20125     4.75204e-10
20126     1.67814e-10
20128     1.15087e-09
20132     3.37797e-09
20133     1.80425e-09
20134     1.95649e-09
20141     1.31566e-09
20143     6.18289e-10
20240     1.40646e-09
20251     4.1284e-10
20252     2.52428e-09
20253     1.06723e-11
20256     7.3089e-10
20258     1.64052e-09
20260     2.38443e-09
20269     1.86515e-09
20271     1.4926e-09
20367     1.70682e-10
20368     3.68985e-09
20374     9.59531e-10
20375     8.51307e-10
20376     1.24627e-09
20379     1.6002e-09
20382     3.45001e-10
20385     1.77585e-09
20387     7.18707e-10
20397     3.8203e-10
20399     1.63014e-09
20495     2.95718e-09
20504     1.80159e-10
20505     1.81661e-09
20506     1.1131e-09
20507     1.89849e-09
20511     6.17527e-11
20512     3.38023e-10
20527     1.29023e-09
20623     1.67465e-10
20635     2.4079e-11
20637     7.76865e-10
20654     2.93304e-10
20655     5.20627e-10
20767     1.05711e-09
20769     6.18471e-10
20782     3.62608e-09
20884     5.22017e-10
20893     2.05903e-09
20895     1.73994e-09
20896     9.25359e-10
20897     8.6385e-11
20910     1.72021e-09
21011     6.60414e-10
21012     4.62841e-09
21021     1.35204e-09
21022     9.79745e-10
21023     2.4464e-09
21024     1.39753e-09
21027     2.63972e-09
21028     1.03931e-08
21038     1.24288e-09
21139     1.86032e-10
21149     7.24972e-10
21150     5.98159e-10
21151     4.38429e-10
21152     7.36889e-10
21166     1.4969e-09
21279     8.47479e-10
21294     1.32477e-10
21405     2.40638e-11
21423     9.88707e-10
21424     2.92308e-09
21425     2.60105e-10
21546     1.06632e-09
21550     5.6465e-11
21551     2.66821e-09
21810     9.02471e-10
21917     1.50113e-09
21937     2.28019e-09
21938     2.8654e-10
22045     1.31995e-09
22065     7.72004e-11
22554     4.17008e-10
22596     2.34578e-10
22682     2.04411e-09
22810     1.01384e-09
23213     3.13555e-09
23601     9.905e-10
23729     4.37628e-09
23857     1.22598e-10
24233     9.33775e-11
24359     2.89419e-09
24360     3.61002e-10
24871     3.17574e-09
25020     1.10894e-09
25136     5.64859e-10
25148     1.49562e-09
25264     1.94257e-09
25276     9.39157e-10
25392     9.45705e-10
25404     6.31306e-09
25506     8.74824e-10
26026     1.96831e-09
26035     3.97835e-11
26154     3.26961e-09
26267     3.18053e-11
26282     9.33047e-10
26410     8.56832e-11
26525     1.44275e-10
26538     2.16292e-10
26652     7.79506e-10
26666     7.04233e-10
26789     2.97198e-10
26794     1.47113e-09
26908     3.09183e-10
26910     6.69651e-10
26917     1.51014e-09
26922     8.6226e-10
27037     2.76201e-10
27038     2.91442e-10
27040     1.32239e-09
27045     4.78202e-10
27144     1.19656e-10
27145     2.20176e-09
27179     1.84586e-10
27203     9.81747e-12
27272     2.67994e-09
27292     2.19952e-10
27293     1.03819e-10
27307     1.47724e-09
27423     1.31235e-09
27434     7.21937e-11
27435     6.66624e-10
27541     1.13003e-09
27548     1.49195e-10
27549     4.32824e-10
27551     2.13044e-09
27552     6.08218e-10
27553     5.27439e-10
27562     4.61203e-10
27669     9.17261e-10
27674     1.52484e-09
27675     1.43055e-10
27679     9.06518e-11
27681     2.02139e-09
27797     1.78893e-09
27801     4.87248e-10
27802     2.11689e-09
27803     1.11964e-09
27805     1.8015e-11
27811     1.61995e-09
27925     1.71793e-10
27935     2.05195e-09
27936     4.19051e-10
27939     1.94726e-09
28057     3.33415e-09
28058     5.3652e-09
28059     1.02326e-10
28063     1.51951e-10
28065     1.81694e-09
28067     3.29306e-09
28068     7.26401e-10
28183     1.69368e-09
28184     1.62807e-09
28185     8.14675e-11
28190     2.61646e-10
28191     1.69347e-09
28192     1.33492e-10
28199     4.33919e-10
28213     3.40376e-10
28307     3.96328e-10
28308     1.02665e-09
28309     2.43245e-09
28310     3.52648e-09
28311     2.94127e-11
28318     7.71763e-10
28319     6.74968e-10
28326     4.75757e-10
28327     1.76023e-09
28338     1.95702e-09
28341     2.74332e-09
28435     1.73029e-09
28446     6.45871e-10
28447     1.61668e-10
28449     1.12516e-09
28458     7.27407e-11
28460     2.19177e-09
28462     4.19755e-11
28466     2.90934e-09
28468     2.58062e-10
28469     1.39529e-09
28470     1.75045e-09
28573     7.64717e-10
28574     7.86719e-10
28580     8.51501e-10
28583     1.09048e-09
28584     6.12433e-09
28586     4.25026e-10
28591     3.08172e-09
28595     3.33285e-10
28596     5.55798e-10
28597     1.21708e-10
28701     2.23316e-09
28705     1.74728e-09
28711     1.83954e-09
28716     4.23999e-11
28718     1.14797e-11
28720     1.26061e-09
28828     9.48295e-10
28829     1.03479e-09
28833     2.81634e-09
28834     2.94295e-11
28838     7.54872e-10
28839     2.15825e-09
28840     1.36646e-09
28843     6.47346e-10
28844     4.05052e-10
28849     1.74554e-09
28856     7.56471e-13
28956     1.28218e-09
28958     8.48885e-10
28961     2.32853e-09
28962     1.38745e-09
28966     7.93209e-10
28967     1.73256e-09
28969     5.45508e-10
28970     7.23494e-10
28972     1.53452e-10
28976     2.22969e-09
28977     3.3029e-10
28981     2.29136e-10
29083     7.81794e-10
29088     3.93502e-10
29089     2.40658e-09
29090     9.42065e-10
29097     2.01803e-09
29099     1.29155e-09
29104     6.64572e-10
29107     6.54512e-10
29108     2.43511e-10
29212     1.85957e-09
29213     2.84064e-09
29214     4.72582e-09
29215     2.65807e-09
29216     5.4043e-10
29223     1.26619e-09
29225     4.37988e-09
29226     1.66325e-09
29227     5.98539e-09
29228     1.24998e-09
29232     8.4348e-10
29234     4.4774e-10
29339     1.9248e-09
29340     1.86513e-10
29344     1.54816e-09
29350     7.19371e-09
29351     1.17097e-09
29355     1.97713e-09
29358     2.96923e-10
29359     1.21463e-09
29360     1.29173e-09
29361     1.048e-09
29362     1.90162e-09
29463     4.15151e-10
29464     8.05381e-09
29472     5.00514e-10
29483     4.41066e-09
29486     1.60996e-09
29489     4.24674e-09
29490     1.14873e-09
29491     2.00377e-10
29492     1.6203e-09
29493     1.4898e-09
29591     6.87778e-10
29600     7.66102e-10
29617     4.37176e-09
29620     1.79209e-10
29621     1.90277e-09
29727     1.28188e-09
29728     3.25197e-10
29744     1.24477e-09
29855     3.45852e-09
29872     1.44406e-09
29974     9.03878e-10
29983     9.25928e-10
30000     3.96304e-10
30111     4.68382e-10
30128     9.12276e-10
30238     6.90825e-10
30239     1.50916e-09
30256     1.39586e-09
30366     1.75087e-09
30367     5.99508e-11
30384     6.1713e-10
30385     9.19117e-10
30494     1.85439e-09
30495     2.14549e-09
30511     1.1186e-10
30513     7.102e-10
30622     3.33313e-09
30628     2.02679e-09
30639     1.2021e-09
30641     1.56788e-10
30749     1.15622e-09
30750     8.40387e-10
30766     5.2018e-11
30767     1.3996e-10
30768     4.78973e-09
30769     3.31309e-09
30877     9.5313e-10
30899     2.62994e-09
30902     6.31904e-10
31005     1.96029e-10
31142     3.48291e-09
31270     1.58223e-09
31503     3.355e-10
31504     2.34488e-10
31631     3.50922e-09
31759     5.95765e-10
32928     6.49654e-10
33056     1.93469e-09
33184     1.18665e-09
33185     7.0525e-10
33313     3.36312e-09
33441     1.03824e-09
33569     1.24366e-09
33613     7.78215e-10
33697     1.04545e-09
33741     3.75029e-10
33742     9.45008e-10
33825     1.63711e-09
33870     1.38291e-09
33953     1.01161e-09
33998     6.56289e-10
34081     1.46864e-09
34126     1.29284e-09
34209     2.83082e-09
34254     8.60276e-10
34337     1.11148e-09
34382     1.5003e-09
34510     2.34324e-09
34638     1.20946e-10
34639     9.62624e-10
34767     1.05199e-09
34895     3.27775e-10
35023     2.41269e-09
35095     7.03096e-10
35151     3.55763e-09
35222     2.24349e-09
35246     2.80012e-09
35250     1.16047e-09
35279     2.11578e-09
35350     1.15962e-09
35374     3.64759e-09
35375     1.89589e-10
35378     1.89958e-09
35379     3.76311e-10
35406     1.83995e-09
35407     1.8942e-09
35477     3.98266e-10
35478     5.23793e-11
35497     9.77288e-11
35502     2.84935e-09
35503     4.72251e-11
35504     4.19596e-11
35604     9.09968e-12
35605     1.14896e-09
35621     3.41049e-10
35622     1.72245e-09
35624     1.47966e-09
35625     2.1941e-09
35627     4.27236e-12
35628     1.53853e-09
35629     1.64126e-09
35633     1.57637e-09
35634     6.74076e-10
35732     1.77459e-09
35746     5.63016e-10
35747     2.70463e-10
35748     9.00917e-11
35749     9.70747e-10
35750     5.55147e-09
35751     1.03317e-09
35752     1.48039e-09
35753     2.09981e-11
35754     5.92079e-10
35756     1.40348e-09
35759     4.11909e-10
35762     1.35634e-09
35859     2.96142e-10
35860     8.65206e-10
35873     3.45017e-10
35874     2.04275e-09
35875     1.64e-09
35877     1.43097e-09
35878     3.07191e-09
35879     2.51075e-09
35883     7.7314e-10
35885     6.98821e-10
35886     1.75343e-10
35888     1.62695e-10
35889     9.33598e-10
35890     1.7737e-09
35987     1.28636e-09
35998     8.68434e-12
35999     2.13725e-09
36000     1.28904e-10
36002     1.11746e-09
36006     1.84643e-09
36007     1.6401e-09
36009     4.34317e-09
36010     9.02815e-10
36011     1.32494e-10
36012     9.23348e-10
36013     1.01556e-09
36016     1.78163e-09
36017     2.55107e-09
36018     4.03275e-09
36019     8.87811e-10
36021     4.38308e-10
36022     7.07383e-10
36114     1.30246e-10
36115     2.94567e-10
36126     2.53575e-09
36127     3.19485e-09
36134     6.25357e-10
36135     9.5979e-10
36137     6.95658e-10
36138     3.9334e-10
36139     7.70952e-10
36140     1.95347e-09
36141     2.40841e-09
36144     2.08883e-09
36145     3.20111e-09
36146     1.32914e-09
36147     7.08909e-10
36242     1.45161e-09
36256     1.15908e-10
36257     7.06989e-10
36258     1.95067e-09
36260     1.27733e-10
36263     1.19006e-09
36268     1.23163e-09
36269     1.53194e-09
36271     3.39432e-09
36272     8.15632e-11
36273     1.82363e-09
36275     1.53857e-09
36382     2.7451e-10
36383     1.08413e-09
36384     1.11133e-09
36386     4.96481e-10
36389     4.72933e-10
36510     1.41013e-09
36511     5.39141e-10
36512     7.05994e-10
36513     4.06469e-11
36516     3.02674e-10
36518     5.97674e-10
36626     1.8935e-09
36627     1.51942e-10
36640     3.71542e-09
36643     6.83977e-10
36672     2.40581e-10
36755     1.75933e-09
36756     2.0537e-09
36757     5.99335e-10
36758     8.04805e-11
36764     8.46925e-10
36766     2.80604e-10
36771     2.16731e-09
36892     1.00669e-10
36894     1.00401e-09
36895     6.56061e-10
36898     1.70022e-09
36899     1.47575e-09
37013     1.32474e-09
37023     2.33317e-09
37024     2.1404e-10
37025     1.44866e-10
37141     2.18766e-09
37151     2.517e-09
37153     1.54717e-09
37268     3.64187e-11
37269     1.53024e-09
37279     2.58791e-09
37281     2.48866e-09
37406     3.14891e-09
37409     2.1614e-08
37410     8.48062e-09
37411     1.82642e-09
37534     1.79767e-10
37538     1.24976e-09
37663     4.19816e-10
37666     7.09308e-10
37678     2.57709e-09
37790     1.01768e-09
37791     1.01139e-09
37794     9.17484e-10
37806     3.24976e-09
37809     1.18331e-09
37916     6.7824e-10
37918     4.94421e-10
37922     1.23522e-09
37934     1.8783e-09
38045     8.40161e-10
38046     5.95966e-10
38050     6.30007e-10
38051     1.55152e-09
38062     6.53909e-09
38066     1.33847e-09
38172     1.16469e-09
38173     2.27547e-09
38179     2.12373e-09
38189     3.45236e-11
38190     1.76335e-09
38194     2.06038e-09
38301     1.04219e-10
38307     9.09642e-10
38318     1.21923e-09
38429     3.91177e-10
38435     1.5374e-09
38446     9.10038e-10
38557     4.4077e-09
38563     1.65772e-09
38564     3.19292e-10
38574     3.83257e-10
38685     6.54859e-10
38692     1.1428e-09
38820     1.57664e-09
38948     5.55648e-10
38979     5.73053e-10
39066     3.20068e-09
39076     1.09231e-09
39110     8.89937e-11
39194     2.50931e-09
39204     6.0288e-10
39205     8.03033e-10
39321     1.63544e-09
39322     3.94116e-11
39333     4.58047e-10
39449     1.64091e-09
39461     9.62185e-10
39577     4.15333e-10
39589     5.08342e-10
39705     6.93706e-10
39717     1.56721e-09
39718     2.02861e-10
39833     6.27753e-10
39846     1.15136e-09
39961     1.46022e-09
39974     9.03013e-10
40089     9.5876e-10
40102     2.88049e-09
40216     5.99507e-10
40217     1.92839e-10
40230     1.00511e-09
40231     2.09576e-10
40251     1.32901e-09
40343     7.59424e-10
40344     2.4665e-09
40357     7.32567e-10
40359     1.36837e-09
40379     1.34677e-09
40485     1.52641e-09
40487     1.89919e-08
40507     1.00662e-08
40615     3.23641e-09
40635     9.48981e-10
40743     1.15217e-09
40744     7.32412e-09
40745     1.93449e-09
40746     1.56976e-09
40747     1.67503e-09
40763     1.53959e-09
40872     2.39991e-10
40892     3.0339e-09
40995     1.61558e-09
41000     3.01538e-09
41020     3.85578e-09
41122     1.57282e-09
41123     6.65742e-10
41128     9.8469e-10
41129     2.96784e-09
41148     1.4397e-09
41246     2.85762e-10
41250     7.60091e-10
41251     5.96366e-09
41252     6.68879e-11
41256     9.52914e-10
41257     1.93743e-10
41276     4.444e-10
41374     1.80031e-09
41385     7.24422e-10
41404     1.0622e-10
41501     6.76471e-10
41502     5.73357e-10
41513     1.11765e-09
41628     9.50447e-10
41629     2.91756e-09
41641     1.19092e-09
41677     3.25574e-10
41756     1.84962e-09
41769     2.40802e-09
41770     6.84645e-10
41884     1.23739e-09
41898     1.01824e-09
42012     4.41514e-09
42026     5.50391e-09
42140     4.68467e-09
42154     2.09659e-09
42282     1.87097e-09
42780     1.10146e-09
43037     2.14058e-10
43293     1.58975e-09
43429     8.64582e-10
43434     1.6586e-09
43548     1.59099e-09
43551     9.63865e-10
43557     1.9625e-09
43562     3.43943e-09
43563     3.87424e-10
43655     2.58929e-09
43656     4.84355e-09
43676     4.00824e-09
43678     2.28828e-09
43685     2.06377e-09
43691     1.174e-09
43692     1.39771e-09
43804     1.63446e-09
43813     1.78155e-09
43933     1.54036e-10
43934     1.22139e-09
43941     3.44265e-09
43946     4.55298e-10
44060     9.97153e-10
44062     1.66678e-09
44063     3.62753e-09
44073     1.05649e-09
44074     1.30442e-09
44185     8.40144e-11
44188     3.31083e-10
44189     1.15766e-09
44190     2.46152e-09
44191     2.80465e-09
44194     1.77233e-09
44200     3.64485e-10
44201     2.36061e-09
44202     1.48483e-09
44309     3.42282e-09
44311     9.04903e-10
44312     3.70796e-09
44313     6.77188e-11
44317     9.3898e-10
44318     1.02569e-09
44319     1.22234e-09
44322     1.57646e-09
44325     9.94136e-10
44437     1.30774e-09
44446     1.16374e-09
44447     2.22443e-09
44448     1.01335e-09
44453     1.0311e-09
44565     5.31227e-10
44575     1.66423e-09
44576     1.54771e-09
44577     1.65058e-09
44578     4.66319e-09
44579     2.42963e-09
44583     1.65403e-11
44587     2.85328e-10
44589     7.11443e-10
44693     1.83811e-10
44705     1.67663e-09
44707     2.59215e-09
44711     8.57532e-10
44715     1.85069e-09
44716     1.30794e-09
44717     1.2325e-09
44834     4.37267e-11
44842     3.73353e-10
44849     3.8835e-11
44851     9.86269e-10
44969     7.68756e-11
44974     1.03348e-09
44977     7.52257e-12
44978     2.58483e-10
45091     1.21601e-10
45096     8.9289e-11
45101     1.30545e-10
45131     2.05209e-09
45218     2.73707e-09
45219     2.95313e-10
45224     1.12901e-10
45232     7.26953e-10
45235     2.3881e-10
45236     4.94983e-11
45345     1.87906e-09
45346     6.51312e-09
45351     4.64802e-10
45355     1.69562e-09
45358     1.28547e-11
45360     8.46383e-10
45361     2.8149e-09
45364     2.37328e-09
45366     4.02959e-10
45474     1.15729e-09
45478     7.35601e-10
45480     7.87698e-10
45483     3.7324e-09
45484     7.31851e-10
45489     5.95697e-10
45492     1.37554e-10
45496     8.4728e-11
45608     2.92302e-11
45609     1.95699e-09
45610     7.96132e-09
45617     1.654e-10
45618     6.00721e-10
45620     1.40627e-09
45625     4.05233e-10
45626     4.89358e-10
45722     8.79638e-10
45736     9.80719e-10
45737     1.58012e-09
45744     1.75731e-09
45745     3.44791e-11
45746     1.80934e-09
45747     5.32731e-10
45849     2.27022e-09
45850     1.41745e-10
45865     2.43653e-09
45872     2.80046e-09
45873     1.71768e-09
45874     4.2336e-09
45993     2.90703e-09
45994     2.27393e-10
46000     7.69776e-11
46001     4.31062e-09
46002     3.15909e-09
46122     9.43804e-10
46128     9.6581e-10
46130     5.16812e-09
46131     1.18154e-09
46251     1.47135e-09
46258     2.85778e-10
46379     1.43213e-10
46380     5.20236e-10
46471     5.14764e-10
46508     4.00392e-09
46509     4.13747e-10
46618     1.29563e-12
46637     3.77636e-09
46765     9.97997e-11
46766     1.19041e-09
46894     4.95215e-10
46895     5.49254e-10
47283     2.18847e-09
47388     2.19744e-09
47389     2.52678e-11
47398     7.78449e-10
47411     9.68663e-09
47516     4.37479e-09
47525     8.90968e-10
47526     4.05132e-08
47643     8.47836e-10
47644     5.15123e-11
47653     5.76803e-09
47654     2.92072e-09
47770     1.45863e-10
47771     9.72212e-10
47898     2.79045e-11
48679     3.03757e-10
48807     7.62834e-10
48935     8.67268e-10
49052     3.68532e-10
49063     6.57834e-09
